<?xml version="1.0" encoding="UTF-8"?>
<coverage generated="1618174542989" clover="3.2.0">
  <project timestamp="1618174542989" name="All files">
    <metrics statements="139" coveredstatements="135" conditionals="74" coveredconditionals="65" methods="30" coveredmethods="25" elements="243" coveredelements="225" complexity="0" loc="139" ncloc="139" packages="5" files="9" classes="9"/>
    <package name="config">
      <metrics statements="4" coveredstatements="4" conditionals="0" coveredconditionals="0" methods="0" coveredmethods="0"/>
      <file name="defaultOptions.ts" path="/Users/sharon/2021Projects/checkers/src/app/config/defaultOptions.ts">
        <metrics statements="4" coveredstatements="4" conditionals="0" coveredconditionals="0" methods="0" coveredmethods="0"/>
        <line num="3" count="4" type="stmt"/>
        <line num="4" count="4" type="stmt"/>
        <line num="5" count="4" type="stmt"/>
        <line num="6" count="4" type="stmt"/>
      </file>
    </package>
    <package name="controllers">
      <metrics statements="37" coveredstatements="37" conditionals="22" coveredconditionals="20" methods="8" coveredmethods="7"/>
      <file name="GameController.ts" path="/Users/sharon/2021Projects/checkers/src/app/controllers/GameController.ts">
        <metrics statements="37" coveredstatements="37" conditionals="22" coveredconditionals="20" methods="8" coveredmethods="7"/>
        <line num="5" count="1" type="stmt"/>
        <line num="6" count="1" type="stmt"/>
        <line num="7" count="1" type="stmt"/>
        <line num="16" count="1" type="stmt"/>
        <line num="20" count="7" type="stmt"/>
        <line num="25" count="1" type="stmt"/>
        <line num="27" count="7" type="stmt"/>
        <line num="29" count="7" type="cond" truecount="2" falsecount="0"/>
        <line num="30" count="1" type="stmt"/>
        <line num="32" count="6" type="cond" truecount="2" falsecount="0"/>
        <line num="33" count="2" type="stmt"/>
        <line num="35" count="4" type="cond" truecount="2" falsecount="0"/>
        <line num="36" count="2" type="stmt"/>
        <line num="39" count="2" type="stmt"/>
        <line num="42" count="1" type="stmt"/>
        <line num="44" count="7" type="stmt"/>
        <line num="45" count="7" type="cond" truecount="2" falsecount="0"/>
        <line num="46" count="6" type="cond" truecount="1" falsecount="1"/>
        <line num="48" count="1" type="stmt"/>
        <line num="51" count="1" type="stmt"/>
        <line num="52" count="6" type="cond" truecount="2" falsecount="0"/>
        <line num="53" count="3" type="cond" truecount="2" falsecount="0"/>
        <line num="55" count="3" type="cond" truecount="2" falsecount="0"/>
        <line num="60" count="1" type="stmt"/>
        <line num="62" count="4" type="stmt"/>
        <line num="63" count="4" type="stmt"/>
        <line num="64" count="4" type="cond" truecount="4" falsecount="0"/>
        <line num="65" count="2" type="stmt"/>
        <line num="67" count="2" type="stmt"/>
        <line num="70" count="1" type="stmt"/>
        <line num="71" count="2" type="stmt"/>
        <line num="74" count="2" type="stmt"/>
        <line num="75" count="2" type="cond" truecount="1" falsecount="1"/>
        <line num="76" count="2" type="stmt"/>
        <line num="78" count="2" type="stmt"/>
        <line num="83" count="1" type="stmt"/>
        <line num="86" count="1" type="stmt"/>
      </file>
    </package>
    <package name="enums">
      <metrics statements="16" coveredstatements="12" conditionals="10" coveredconditionals="8" methods="5" coveredmethods="4"/>
      <file name="Direction.ts" path="/Users/sharon/2021Projects/checkers/src/app/enums/Direction.ts">
        <metrics statements="3" coveredstatements="3" conditionals="2" coveredconditionals="2" methods="1" coveredmethods="1"/>
        <line num="1" count="2" type="cond" truecount="2" falsecount="0"/>
        <line num="2" count="2" type="stmt"/>
        <line num="3" count="2" type="stmt"/>
      </file>
      <file name="Error.ts" path="/Users/sharon/2021Projects/checkers/src/app/enums/Error.ts">
        <metrics statements="6" coveredstatements="6" conditionals="4" coveredconditionals="4" methods="2" coveredmethods="2"/>
        <line num="1" count="2" type="cond" truecount="2" falsecount="0"/>
        <line num="2" count="2" type="stmt"/>
        <line num="3" count="2" type="stmt"/>
        <line num="4" count="2" type="stmt"/>
        <line num="7" count="2" type="cond" truecount="2" falsecount="0"/>
        <line num="8" count="2" type="stmt"/>
      </file>
      <file name="Move.ts" path="/Users/sharon/2021Projects/checkers/src/app/enums/Move.ts">
        <metrics statements="4" coveredstatements="0" conditionals="2" coveredconditionals="0" methods="1" coveredmethods="0"/>
        <line num="1" count="0" type="cond" truecount="0" falsecount="2"/>
        <line num="2" count="0" type="stmt"/>
        <line num="3" count="0" type="stmt"/>
        <line num="4" count="0" type="stmt"/>
      </file>
      <file name="Status.ts" path="/Users/sharon/2021Projects/checkers/src/app/enums/Status.ts">
        <metrics statements="3" coveredstatements="3" conditionals="2" coveredconditionals="2" methods="1" coveredmethods="1"/>
        <line num="1" count="3" type="cond" truecount="2" falsecount="0"/>
        <line num="2" count="3" type="stmt"/>
        <line num="3" count="3" type="stmt"/>
      </file>
    </package>
    <package name="helpers">
      <metrics statements="4" coveredstatements="4" conditionals="0" coveredconditionals="0" methods="1" coveredmethods="1"/>
      <file name="initializationHelper.ts" path="/Users/sharon/2021Projects/checkers/src/app/helpers/initializationHelper.ts">
        <metrics statements="4" coveredstatements="4" conditionals="0" coveredconditionals="0" methods="1" coveredmethods="1"/>
        <line num="4" count="4" type="stmt"/>
        <line num="5" count="13" type="stmt"/>
        <line num="6" count="13" type="stmt"/>
        <line num="7" count="13" type="stmt"/>
      </file>
    </package>
    <package name="models">
      <metrics statements="78" coveredstatements="78" conditionals="42" coveredconditionals="37" methods="16" coveredmethods="13"/>
      <file name="Board.ts" path="/Users/sharon/2021Projects/checkers/src/app/models/Board.ts">
        <metrics statements="48" coveredstatements="48" conditionals="34" coveredconditionals="31" methods="8" coveredmethods="8"/>
        <line num="1" count="3" type="stmt"/>
        <line num="3" count="3" type="stmt"/>
        <line num="4" count="3" type="stmt"/>
        <line num="21" count="3" type="stmt"/>
        <line num="22" count="12" type="stmt"/>
        <line num="24" count="15" type="cond" truecount="6" falsecount="0"/>
        <line num="25" count="12" type="stmt"/>
        <line num="28" count="732" type="stmt"/>
        <line num="30" count="3" type="stmt"/>
        <line num="37" count="601" type="stmt"/>
        <line num="40" count="3" type="stmt"/>
        <line num="41" count="6" type="cond" truecount="2" falsecount="0"/>
        <line num="42" count="1" type="stmt"/>
        <line num="44" count="5" type="stmt"/>
        <line num="45" count="5" type="stmt"/>
        <line num="48" count="12" type="cond" truecount="3" falsecount="3"/>
        <line num="49" count="12" type="stmt"/>
        <line num="50" count="12" type="stmt"/>
        <line num="51" count="12" type="stmt"/>
        <line num="52" count="12" type="stmt"/>
        <line num="53" count="12" type="stmt"/>
        <line num="54" count="12" type="stmt"/>
        <line num="58" count="12" type="stmt"/>
        <line num="59" count="96" type="stmt"/>
        <line num="60" count="96" type="stmt"/>
        <line num="61" count="96" type="cond" truecount="2" falsecount="0"/>
        <line num="62" count="72" type="stmt"/>
        <line num="64" count="96" type="cond" truecount="4" falsecount="0"/>
        <line num="65" count="12" type="stmt"/>
        <line num="66" count="12" type="stmt"/>
        <line num="68" count="96" type="cond" truecount="4" falsecount="0"/>
        <line num="69" count="24" type="stmt"/>
        <line num="71" count="72" type="stmt"/>
        <line num="74" count="12" type="stmt"/>
        <line num="77" count="3" type="stmt"/>
        <line num="78" count="96" type="stmt"/>
        <line num="79" count="96" type="cond" truecount="2" falsecount="0"/>
        <line num="81" count="96" type="stmt"/>
        <line num="82" count="768" type="cond" truecount="6" falsecount="0"/>
        <line num="83" count="384" type="stmt"/>
        <line num="84" count="384" type="stmt"/>
        <line num="85" count="384" type="cond" truecount="2" falsecount="0"/>
        <line num="86" count="288" type="stmt"/>
        <line num="89" count="384" type="stmt"/>
        <line num="94" count="96" type="stmt"/>
        <line num="96" count="3" type="stmt"/>
        <line num="97" count="288" type="stmt"/>
        <line num="100" count="3" type="stmt"/>
      </file>
      <file name="Game.ts" path="/Users/sharon/2021Projects/checkers/src/app/models/Game.ts">
        <metrics statements="30" coveredstatements="30" conditionals="8" coveredconditionals="6" methods="8" coveredmethods="5"/>
        <line num="2" count="2" type="stmt"/>
        <line num="3" count="2" type="stmt"/>
        <line num="4" count="2" type="stmt"/>
        <line num="19" count="2" type="stmt"/>
        <line num="25" count="18" type="cond" truecount="2" falsecount="2"/>
        <line num="26" count="9" type="stmt"/>
        <line num="27" count="9" type="stmt"/>
        <line num="28" count="9" type="stmt"/>
        <line num="29" count="9" type="stmt"/>
        <line num="32" count="1318" type="stmt"/>
        <line num="33" count="2" type="stmt"/>
        <line num="34" count="2" type="stmt"/>
        <line num="35" count="2" type="stmt"/>
        <line num="37" count="2" type="stmt"/>
        <line num="39" count="9" type="stmt"/>
        <line num="43" count="9" type="stmt"/>
        <line num="44" count="72" type="stmt"/>
        <line num="45" count="576" type="stmt"/>
        <line num="46" count="576" type="cond" truecount="2" falsecount="0"/>
        <line num="47" count="288" type="stmt"/>
        <line num="48" count="288" type="stmt"/>
        <line num="49" count="288" type="stmt"/>
        <line num="53" count="9" type="stmt"/>
        <line num="56" count="9" type="stmt"/>
        <line num="59" count="288" type="cond" truecount="2" falsecount="0"/>
        <line num="60" count="108" type="stmt"/>
        <line num="62" count="180" type="stmt"/>
        <line num="64" count="288" type="stmt"/>
        <line num="66" count="2" type="stmt"/>
        <line num="67" count="2" type="stmt"/>
      </file>
    </package>
  </project>
</coverage>
