{"/Users/sharon/2021Projects/checkers/src/app/config/defaultOptions.ts": {"path":"/Users/sharon/2021Projects/checkers/src/app/config/defaultOptions.ts","statementMap":{"0":{"start":{"line":3,"column":13},"end":{"line":3,"column":63}},"1":{"start":{"line":4,"column":13},"end":{"line":4,"column":46}},"2":{"start":{"line":5,"column":13},"end":{"line":5,"column":40}},"3":{"start":{"line":6,"column":13},"end":{"line":6,"column":null}}},"fnMap":{},"branchMap":{},"s":{"0":4,"1":4,"2":4,"3":4},"f":{},"b":{}}
,"/Users/sharon/2021Projects/checkers/src/app/controllers/GameController.ts": {"path":"/Users/sharon/2021Projects/checkers/src/app/controllers/GameController.ts","statementMap":{"0":{"start":{"line":5,"column":0},"end":{"line":5,"column":62}},"1":{"start":{"line":6,"column":0},"end":{"line":6,"column":47}},"2":{"start":{"line":7,"column":0},"end":{"line":7,"column":41}},"3":{"start":{"line":16,"column":0},"end":{"line":16,"column":13}},"4":{"start":{"line":20,"column":4},"end":{"line":20,"column":21}},"5":{"start":{"line":25,"column":9},"end":{"line":40,"column":null}},"6":{"start":{"line":27,"column":26},"end":{"line":27,"column":56}},"7":{"start":{"line":29,"column":4},"end":{"line":31,"column":null}},"8":{"start":{"line":30,"column":6},"end":{"line":30,"column":27}},"9":{"start":{"line":32,"column":4},"end":{"line":34,"column":null}},"10":{"start":{"line":33,"column":6},"end":{"line":33,"column":41}},"11":{"start":{"line":35,"column":4},"end":{"line":37,"column":null}},"12":{"start":{"line":36,"column":6},"end":{"line":36,"column":42}},"13":{"start":{"line":39,"column":6},"end":{"line":39,"column":57}},"14":{"start":{"line":42,"column":10},"end":{"line":49,"column":null}},"15":{"start":{"line":44,"column":33},"end":{"line":44,"column":89}},"16":{"start":{"line":45,"column":4},"end":{"line":47,"column":null}},"17":{"start":{"line":46,"column":6},"end":{"line":46,"column":76}},"18":{"start":{"line":48,"column":4},"end":{"line":48,"column":36}},"19":{"start":{"line":51,"column":10},"end":{"line":57,"column":null}},"20":{"start":{"line":52,"column":4},"end":{"line":56,"column":null}},"21":{"start":{"line":53,"column":6},"end":{"line":53,"column":68}},"22":{"start":{"line":55,"column":6},"end":{"line":55,"column":68}},"23":{"start":{"line":60,"column":10},"end":{"line":68,"column":null}},"24":{"start":{"line":62,"column":28},"end":{"line":62,"column":75}},"25":{"start":{"line":63,"column":28},"end":{"line":63,"column":76}},"26":{"start":{"line":64,"column":4},"end":{"line":66,"column":null}},"27":{"start":{"line":65,"column":6},"end":{"line":65,"column":42}},"28":{"start":{"line":67,"column":4},"end":{"line":67,"column":17}},"29":{"start":{"line":70,"column":10},"end":{"line":79,"column":null}},"30":{"start":{"line":71,"column":28},"end":{"line":71,"column":87}},"31":{"start":{"line":74,"column":4},"end":{"line":74,"column":96}},"32":{"start":{"line":75,"column":4},"end":{"line":77,"column":null}},"33":{"start":{"line":76,"column":6},"end":{"line":76,"column":86}},"34":{"start":{"line":78,"column":4},"end":{"line":78,"column":22}},"35":{"start":{"line":83,"column":10},"end":{"line":85,"column":null}},"36":{"start":{"line":86,"column":0},"end":{"line":86,"column":null}},"37":{"start":{"line":16,"column":13},"end":{"line":16,"column":27}}},"fnMap":{"0":{"name":"(anonymous_0)","decl":{"start":{"line":16,"column":0},"end":{"line":16,"column":13}},"loc":{"start":{"line":16,"column":0},"end":{"line":86,"column":null}}},"1":{"name":"GameController","decl":{"start":{"line":19,"column":2},"end":{"line":19,"column":14}},"loc":{"start":{"line":19,"column":24},"end":{"line":21,"column":3}}},"2":{"name":"(anonymous_2)","decl":{"start":{"line":25,"column":2},"end":{"line":25,"column":9}},"loc":{"start":{"line":25,"column":58},"end":{"line":40,"column":3}}},"3":{"name":"(anonymous_3)","decl":{"start":{"line":42,"column":2},"end":{"line":42,"column":10}},"loc":{"start":{"line":42,"column":42},"end":{"line":49,"column":3}}},"4":{"name":"(anonymous_4)","decl":{"start":{"line":51,"column":2},"end":{"line":51,"column":10}},"loc":{"start":{"line":51,"column":69},"end":{"line":57,"column":3}}},"5":{"name":"(anonymous_5)","decl":{"start":{"line":60,"column":2},"end":{"line":60,"column":10}},"loc":{"start":{"line":60,"column":65},"end":{"line":68,"column":3}}},"6":{"name":"(anonymous_6)","decl":{"start":{"line":70,"column":2},"end":{"line":70,"column":10}},"loc":{"start":{"line":70,"column":60},"end":{"line":79,"column":3}}},"7":{"name":"(anonymous_7)","decl":{"start":{"line":83,"column":2},"end":{"line":83,"column":10}},"loc":{"start":{"line":83,"column":2},"end":{"line":85,"column":3}}}},"branchMap":{"0":{"loc":{"start":{"line":29,"column":4},"end":{"line":31,"column":null}},"type":"if","locations":[{"start":{"line":29,"column":4},"end":{"line":31,"column":null}},{"start":{"line":29,"column":4},"end":{"line":31,"column":null}}]},"1":{"loc":{"start":{"line":32,"column":4},"end":{"line":34,"column":null}},"type":"if","locations":[{"start":{"line":32,"column":4},"end":{"line":34,"column":null}},{"start":{"line":32,"column":4},"end":{"line":34,"column":null}}]},"2":{"loc":{"start":{"line":35,"column":4},"end":{"line":37,"column":null}},"type":"if","locations":[{"start":{"line":35,"column":4},"end":{"line":37,"column":null}},{"start":{"line":35,"column":4},"end":{"line":37,"column":null}}]},"3":{"loc":{"start":{"line":45,"column":4},"end":{"line":47,"column":null}},"type":"if","locations":[{"start":{"line":45,"column":4},"end":{"line":47,"column":null}},{"start":{"line":45,"column":4},"end":{"line":47,"column":null}}]},"4":{"loc":{"start":{"line":46,"column":37},"end":{"line":46,"column":67}},"type":"cond-expr","locations":[{"start":{"line":46,"column":37},"end":{"line":46,"column":67}},{"start":{"line":46,"column":70},"end":{"line":46,"column":75}}]},"5":{"loc":{"start":{"line":52,"column":4},"end":{"line":56,"column":null}},"type":"if","locations":[{"start":{"line":52,"column":4},"end":{"line":56,"column":null}},{"start":{"line":52,"column":4},"end":{"line":56,"column":null}}]},"6":{"loc":{"start":{"line":53,"column":55},"end":{"line":53,"column":59}},"type":"cond-expr","locations":[{"start":{"line":53,"column":55},"end":{"line":53,"column":59}},{"start":{"line":53,"column":62},"end":{"line":53,"column":67}}]},"7":{"loc":{"start":{"line":55,"column":55},"end":{"line":55,"column":59}},"type":"cond-expr","locations":[{"start":{"line":55,"column":55},"end":{"line":55,"column":59}},{"start":{"line":55,"column":62},"end":{"line":55,"column":67}}]},"8":{"loc":{"start":{"line":64,"column":4},"end":{"line":66,"column":null}},"type":"if","locations":[{"start":{"line":64,"column":4},"end":{"line":66,"column":null}},{"start":{"line":64,"column":4},"end":{"line":66,"column":null}}]},"9":{"loc":{"start":{"line":64,"column":8},"end":{"line":64,"column":27}},"type":"binary-expr","locations":[{"start":{"line":64,"column":8},"end":{"line":64,"column":27}},{"start":{"line":64,"column":31},"end":{"line":64,"column":50}}]},"10":{"loc":{"start":{"line":75,"column":4},"end":{"line":77,"column":null}},"type":"if","locations":[{"start":{"line":75,"column":4},"end":{"line":77,"column":null}},{"start":{"line":75,"column":4},"end":{"line":77,"column":null}}]}},"s":{"0":1,"1":1,"2":1,"3":1,"4":7,"5":1,"6":7,"7":7,"8":1,"9":6,"10":2,"11":4,"12":2,"13":2,"14":1,"15":7,"16":7,"17":6,"18":1,"19":1,"20":6,"21":3,"22":3,"23":1,"24":4,"25":4,"26":4,"27":2,"28":2,"29":1,"30":2,"31":2,"32":2,"33":2,"34":2,"35":1,"36":1,"37":1},"f":{"0":1,"1":7,"2":7,"3":7,"4":6,"5":4,"6":2,"7":0},"b":{"0":[1,6],"1":[2,4],"2":[2,2],"3":[6,1],"4":[0,6],"5":[3,3],"6":[2,1],"7":[2,1],"8":[2,2],"9":[4,4],"10":[2,0]}}
,"/Users/sharon/2021Projects/checkers/src/app/enums/Direction.ts": {"path":"/Users/sharon/2021Projects/checkers/src/app/enums/Direction.ts","statementMap":{"0":{"start":{"line":1,"column":0},"end":{"line":1,"column":null}},"1":{"start":{"line":2,"column":2},"end":{"line":2,"column":null}},"2":{"start":{"line":3,"column":2},"end":{"line":3,"column":null}}},"fnMap":{"0":{"name":"(anonymous_0)","decl":{"start":{"line":1,"column":0},"end":{"line":1,"column":12}},"loc":{"start":{"line":1,"column":21},"end":{"line":4,"column":1}}}},"branchMap":{"0":{"loc":{"start":{"line":1,"column":12},"end":{"line":1,"column":21}},"type":"binary-expr","locations":[{"start":{"line":1,"column":12},"end":{"line":1,"column":21}},{"start":{"line":1,"column":12},"end":{"line":1,"column":null}}]}},"s":{"0":2,"1":2,"2":2},"f":{"0":2},"b":{"0":[2,2]}}
,"/Users/sharon/2021Projects/checkers/src/app/enums/Error.ts": {"path":"/Users/sharon/2021Projects/checkers/src/app/enums/Error.ts","statementMap":{"0":{"start":{"line":1,"column":0},"end":{"line":1,"column":null}},"1":{"start":{"line":2,"column":2},"end":{"line":2,"column":null}},"2":{"start":{"line":3,"column":2},"end":{"line":3,"column":null}},"3":{"start":{"line":4,"column":2},"end":{"line":4,"column":null}},"4":{"start":{"line":7,"column":0},"end":{"line":7,"column":null}},"5":{"start":{"line":8,"column":2},"end":{"line":8,"column":null}}},"fnMap":{"0":{"name":"(anonymous_0)","decl":{"start":{"line":1,"column":0},"end":{"line":1,"column":12}},"loc":{"start":{"line":1,"column":28},"end":{"line":5,"column":1}}},"1":{"name":"(anonymous_1)","decl":{"start":{"line":7,"column":0},"end":{"line":7,"column":12}},"loc":{"start":{"line":7,"column":22},"end":{"line":9,"column":1}}}},"branchMap":{"0":{"loc":{"start":{"line":1,"column":12},"end":{"line":1,"column":28}},"type":"binary-expr","locations":[{"start":{"line":1,"column":12},"end":{"line":1,"column":28}},{"start":{"line":1,"column":12},"end":{"line":1,"column":null}}]},"1":{"loc":{"start":{"line":7,"column":12},"end":{"line":7,"column":22}},"type":"binary-expr","locations":[{"start":{"line":7,"column":12},"end":{"line":7,"column":22}},{"start":{"line":7,"column":12},"end":{"line":7,"column":null}}]}},"s":{"0":2,"1":2,"2":2,"3":2,"4":2,"5":2},"f":{"0":2,"1":2},"b":{"0":[2,2],"1":[2,2]}}
,"/Users/sharon/2021Projects/checkers/src/app/enums/Move.ts": {"path":"/Users/sharon/2021Projects/checkers/src/app/enums/Move.ts","statementMap":{"0":{"start":{"line":1,"column":0},"end":{"line":1,"column":null}},"1":{"start":{"line":2,"column":2},"end":{"line":2,"column":null}},"2":{"start":{"line":3,"column":2},"end":{"line":3,"column":null}},"3":{"start":{"line":4,"column":2},"end":{"line":4,"column":26}}},"fnMap":{"0":{"name":"(anonymous_0)","decl":{"start":{"line":1,"column":0},"end":{"line":1,"column":12}},"loc":{"start":{"line":1,"column":16},"end":{"line":5,"column":2}}}},"branchMap":{"0":{"loc":{"start":{"line":1,"column":12},"end":{"line":1,"column":16}},"type":"binary-expr","locations":[{"start":{"line":1,"column":12},"end":{"line":1,"column":16}},{"start":{"line":1,"column":12},"end":{"line":1,"column":null}}]}},"s":{"0":0,"1":0,"2":0,"3":0},"f":{"0":0},"b":{"0":[0,0]}}
,"/Users/sharon/2021Projects/checkers/src/app/enums/Status.ts": {"path":"/Users/sharon/2021Projects/checkers/src/app/enums/Status.ts","statementMap":{"0":{"start":{"line":1,"column":0},"end":{"line":1,"column":null}},"1":{"start":{"line":2,"column":2},"end":{"line":2,"column":null}},"2":{"start":{"line":3,"column":2},"end":{"line":3,"column":null}}},"fnMap":{"0":{"name":"(anonymous_0)","decl":{"start":{"line":1,"column":0},"end":{"line":1,"column":12}},"loc":{"start":{"line":1,"column":18},"end":{"line":4,"column":1}}}},"branchMap":{"0":{"loc":{"start":{"line":1,"column":12},"end":{"line":1,"column":18}},"type":"binary-expr","locations":[{"start":{"line":1,"column":12},"end":{"line":1,"column":18}},{"start":{"line":1,"column":12},"end":{"line":1,"column":null}}]}},"s":{"0":3,"1":3,"2":3},"f":{"0":3},"b":{"0":[3,3]}}
,"/Users/sharon/2021Projects/checkers/src/app/helpers/initializationHelper.ts": {"path":"/Users/sharon/2021Projects/checkers/src/app/helpers/initializationHelper.ts","statementMap":{"0":{"start":{"line":4,"column":31},"end":{"line":8,"column":1}},"1":{"start":{"line":5,"column":41},"end":{"line":5,"column":63}},"2":{"start":{"line":6,"column":47},"end":{"line":6,"column":84}},"3":{"start":{"line":7,"column":2},"end":{"line":7,"column":86}},"4":{"start":{"line":4,"column":13},"end":{"line":4,"column":31}}},"fnMap":{"0":{"name":"(anonymous_0)","decl":{"start":{"line":4,"column":31},"end":{"line":4,"column":32}},"loc":{"start":{"line":4,"column":115},"end":{"line":8,"column":1}}}},"branchMap":{},"s":{"0":4,"1":13,"2":13,"3":13,"4":4},"f":{"0":13},"b":{}}
,"/Users/sharon/2021Projects/checkers/src/app/models/Board.ts": {"path":"/Users/sharon/2021Projects/checkers/src/app/models/Board.ts","statementMap":{"0":{"start":{"line":1,"column":0},"end":{"line":1,"column":94}},"1":{"start":{"line":3,"column":0},"end":{"line":3,"column":41}},"2":{"start":{"line":4,"column":0},"end":{"line":4,"column":66}},"3":{"start":{"line":21,"column":0},"end":{"line":21,"column":13}},"4":{"start":{"line":24,"column":14},"end":{"line":24,"column":61}},"5":{"start":{"line":24,"column":61},"end":{"line":24,"column":100}},"6":{"start":{"line":24,"column":100},"end":{"line":24,"column":null}},"7":{"start":{"line":22,"column":10},"end":{"line":22,"column":47}},"8":{"start":{"line":25,"column":4},"end":{"line":25,"column":94}},"9":{"start":{"line":28,"column":2},"end":{"line":28,"column":null}},"10":{"start":{"line":28,"column":15},"end":{"line":28,"column":78}},"11":{"start":{"line":30,"column":9},"end":{"line":38,"column":null}},"12":{"start":{"line":37,"column":4},"end":{"line":37,"column":33}},"13":{"start":{"line":40,"column":9},"end":{"line":46,"column":null}},"14":{"start":{"line":41,"column":4},"end":{"line":43,"column":null}},"15":{"start":{"line":42,"column":6},"end":{"line":42,"column":25}},"16":{"start":{"line":44,"column":4},"end":{"line":44,"column":37}},"17":{"start":{"line":45,"column":4},"end":{"line":45,"column":26}},"18":{"start":{"line":48,"column":10},"end":{"line":75,"column":null}},"19":{"start":{"line":48,"column":26},"end":{"line":48,"column":73}},"20":{"start":{"line":48,"column":73},"end":{"line":48,"column":112}},"21":{"start":{"line":48,"column":112},"end":{"line":48,"column":null}},"22":{"start":{"line":49,"column":44},"end":{"line":49,"column":46}},"23":{"start":{"line":50,"column":27},"end":{"line":50,"column":28}},"24":{"start":{"line":51,"column":28},"end":{"line":51,"column":29}},"25":{"start":{"line":52,"column":18},"end":{"line":52,"column":23}},"26":{"start":{"line":53,"column":21},"end":{"line":53,"column":91}},"27":{"start":{"line":54,"column":30},"end":{"line":54,"column":31}},"28":{"start":{"line":58,"column":4},"end":{"line":73,"column":null}},"29":{"start":{"line":58,"column":19},"end":{"line":58,"column":20}},"30":{"start":{"line":59,"column":19},"end":{"line":59,"column":109}},"31":{"start":{"line":60,"column":6},"end":{"line":60,"column":29}},"32":{"start":{"line":61,"column":6},"end":{"line":63,"column":null}},"33":{"start":{"line":62,"column":8},"end":{"line":62,"column":39}},"34":{"start":{"line":64,"column":6},"end":{"line":67,"column":null}},"35":{"start":{"line":65,"column":8},"end":{"line":65,"column":19}},"36":{"start":{"line":66,"column":8},"end":{"line":66,"column":23}},"37":{"start":{"line":68,"column":6},"end":{"line":72,"column":null}},"38":{"start":{"line":69,"column":8},"end":{"line":69,"column":21}},"39":{"start":{"line":71,"column":8},"end":{"line":71,"column":24}},"40":{"start":{"line":74,"column":4},"end":{"line":74,"column":20}},"41":{"start":{"line":77,"column":10},"end":{"line":95,"column":null}},"42":{"start":{"line":78,"column":39},"end":{"line":78,"column":41}},"43":{"start":{"line":79,"column":39},"end":{"line":79,"column":107}},"44":{"start":{"line":81,"column":4},"end":{"line":92,"column":null}},"45":{"start":{"line":81,"column":19},"end":{"line":81,"column":20}},"46":{"start":{"line":82,"column":6},"end":{"line":90,"column":null}},"47":{"start":{"line":83,"column":8},"end":{"line":83,"column":32}},"48":{"start":{"line":84,"column":8},"end":{"line":84,"column":20}},"49":{"start":{"line":85,"column":8},"end":{"line":87,"column":null}},"50":{"start":{"line":86,"column":10},"end":{"line":86,"column":63}},"51":{"start":{"line":89,"column":8},"end":{"line":89,"column":27}},"52":{"start":{"line":94,"column":4},"end":{"line":94,"column":18}},"53":{"start":{"line":96,"column":10},"end":{"line":98,"column":null}},"54":{"start":{"line":97,"column":4},"end":{"line":97,"column":null}},"55":{"start":{"line":100,"column":0},"end":{"line":100,"column":null}},"56":{"start":{"line":21,"column":13},"end":{"line":21,"column":18}}},"fnMap":{"0":{"name":"(anonymous_0)","decl":{"start":{"line":21,"column":0},"end":{"line":21,"column":13}},"loc":{"start":{"line":21,"column":0},"end":{"line":100,"column":null}}},"1":{"name":"Board","decl":{"start":{"line":24,"column":2},"end":{"line":24,"column":14}},"loc":{"start":{"line":24,"column":152},"end":{"line":26,"column":3}}},"2":{"name":"(anonymous_2)","decl":{"start":{"line":28,"column":2},"end":{"line":28,"column":6}},"loc":{"start":{"line":28,"column":2},"end":{"line":28,"column":80}}},"3":{"name":"(anonymous_3)","decl":{"start":{"line":30,"column":2},"end":{"line":30,"column":9}},"loc":{"start":{"line":30,"column":46},"end":{"line":38,"column":3}}},"4":{"name":"(anonymous_4)","decl":{"start":{"line":40,"column":2},"end":{"line":40,"column":9}},"loc":{"start":{"line":40,"column":74},"end":{"line":46,"column":3}}},"5":{"name":"(anonymous_5)","decl":{"start":{"line":48,"column":2},"end":{"line":48,"column":10}},"loc":{"start":{"line":48,"column":164},"end":{"line":75,"column":3}}},"6":{"name":"(anonymous_6)","decl":{"start":{"line":77,"column":2},"end":{"line":77,"column":10}},"loc":{"start":{"line":77,"column":148},"end":{"line":95,"column":3}}},"7":{"name":"(anonymous_7)","decl":{"start":{"line":96,"column":2},"end":{"line":96,"column":10}},"loc":{"start":{"line":96,"column":56},"end":{"line":98,"column":3}}}},"branchMap":{"0":{"loc":{"start":{"line":24,"column":14},"end":{"line":24,"column":61}},"type":"if","locations":[{"start":{"line":24,"column":14},"end":{"line":24,"column":61}},{"start":{"line":24,"column":14},"end":{"line":24,"column":61}}]},"1":{"loc":{"start":{"line":24,"column":61},"end":{"line":24,"column":100}},"type":"if","locations":[{"start":{"line":24,"column":61},"end":{"line":24,"column":100}},{"start":{"line":24,"column":61},"end":{"line":24,"column":100}}]},"2":{"loc":{"start":{"line":24,"column":100},"end":{"line":24,"column":null}},"type":"if","locations":[{"start":{"line":24,"column":100},"end":{"line":24,"column":null}},{"start":{"line":24,"column":100},"end":{"line":24,"column":null}}]},"3":{"loc":{"start":{"line":41,"column":4},"end":{"line":43,"column":null}},"type":"if","locations":[{"start":{"line":41,"column":4},"end":{"line":43,"column":null}},{"start":{"line":41,"column":4},"end":{"line":43,"column":null}}]},"4":{"loc":{"start":{"line":48,"column":26},"end":{"line":48,"column":73}},"type":"if","locations":[{"start":{"line":48,"column":26},"end":{"line":48,"column":73}},{"start":{"line":48,"column":26},"end":{"line":48,"column":73}}]},"5":{"loc":{"start":{"line":48,"column":73},"end":{"line":48,"column":112}},"type":"if","locations":[{"start":{"line":48,"column":73},"end":{"line":48,"column":112}},{"start":{"line":48,"column":73},"end":{"line":48,"column":112}}]},"6":{"loc":{"start":{"line":48,"column":112},"end":{"line":48,"column":null}},"type":"if","locations":[{"start":{"line":48,"column":112},"end":{"line":48,"column":null}},{"start":{"line":48,"column":112},"end":{"line":48,"column":null}}]},"7":{"loc":{"start":{"line":61,"column":6},"end":{"line":63,"column":null}},"type":"if","locations":[{"start":{"line":61,"column":6},"end":{"line":63,"column":null}},{"start":{"line":61,"column":6},"end":{"line":63,"column":null}}]},"8":{"loc":{"start":{"line":64,"column":6},"end":{"line":67,"column":null}},"type":"if","locations":[{"start":{"line":64,"column":6},"end":{"line":67,"column":null}},{"start":{"line":64,"column":6},"end":{"line":67,"column":null}}]},"9":{"loc":{"start":{"line":64,"column":11},"end":{"line":64,"column":51}},"type":"binary-expr","locations":[{"start":{"line":64,"column":11},"end":{"line":64,"column":51}},{"start":{"line":64,"column":56},"end":{"line":64,"column":64}}]},"10":{"loc":{"start":{"line":68,"column":6},"end":{"line":72,"column":null}},"type":"if","locations":[{"start":{"line":68,"column":6},"end":{"line":72,"column":null}},{"start":{"line":68,"column":6},"end":{"line":72,"column":null}}]},"11":{"loc":{"start":{"line":68,"column":10},"end":{"line":68,"column":17}},"type":"binary-expr","locations":[{"start":{"line":68,"column":10},"end":{"line":68,"column":17}},{"start":{"line":68,"column":21},"end":{"line":68,"column":35}}]},"12":{"loc":{"start":{"line":79,"column":52},"end":{"line":79,"column":75}},"type":"cond-expr","locations":[{"start":{"line":79,"column":52},"end":{"line":79,"column":75}},{"start":{"line":79,"column":78},"end":{"line":79,"column":107}}]},"13":{"loc":{"start":{"line":82,"column":6},"end":{"line":90,"column":null}},"type":"if","locations":[{"start":{"line":82,"column":6},"end":{"line":90,"column":null}},{"start":{"line":82,"column":6},"end":{"line":90,"column":null}}]},"14":{"loc":{"start":{"line":82,"column":11},"end":{"line":82,"column":22}},"type":"binary-expr","locations":[{"start":{"line":82,"column":11},"end":{"line":82,"column":22}},{"start":{"line":82,"column":26},"end":{"line":82,"column":37}},{"start":{"line":82,"column":43},"end":{"line":82,"column":54}},{"start":{"line":82,"column":58},"end":{"line":82,"column":69}}]},"15":{"loc":{"start":{"line":85,"column":8},"end":{"line":87,"column":null}},"type":"if","locations":[{"start":{"line":85,"column":8},"end":{"line":87,"column":null}},{"start":{"line":85,"column":8},"end":{"line":87,"column":null}}]}},"s":{"0":3,"1":3,"2":3,"3":3,"4":13,"5":15,"6":15,"7":12,"8":12,"9":3,"10":732,"11":3,"12":601,"13":3,"14":6,"15":1,"16":5,"17":5,"18":3,"19":12,"20":12,"21":12,"22":12,"23":12,"24":12,"25":12,"26":12,"27":12,"28":12,"29":12,"30":96,"31":96,"32":96,"33":72,"34":96,"35":12,"36":12,"37":96,"38":24,"39":72,"40":12,"41":3,"42":96,"43":96,"44":96,"45":96,"46":768,"47":384,"48":384,"49":384,"50":288,"51":384,"52":96,"53":3,"54":288,"55":3,"56":3},"f":{"0":3,"1":12,"2":732,"3":601,"4":6,"5":12,"6":96,"7":288},"b":{"0":[1,11],"1":[3,9],"2":[3,9],"3":[1,5],"4":[0,12],"5":[0,12],"6":[0,12],"7":[72,24],"8":[12,84],"9":[96,36],"10":[24,72],"11":[96,36],"12":[72,24],"13":[384,384],"14":[768,384,576,384],"15":[288,96]}}
,"/Users/sharon/2021Projects/checkers/src/app/models/Game.ts": {"path":"/Users/sharon/2021Projects/checkers/src/app/models/Game.ts","statementMap":{"0":{"start":{"line":2,"column":0},"end":{"line":2,"column":57}},"1":{"start":{"line":3,"column":0},"end":{"line":3,"column":94}},"2":{"start":{"line":4,"column":0},"end":{"line":4,"column":47}},"3":{"start":{"line":19,"column":0},"end":{"line":19,"column":13}},"4":{"start":{"line":25,"column":14},"end":{"line":25,"column":61}},"5":{"start":{"line":25,"column":80},"end":{"line":25,"column":null}},"6":{"start":{"line":56,"column":10},"end":{"line":65,"column":null}},"7":{"start":{"line":59,"column":4},"end":{"line":63,"column":null}},"8":{"start":{"line":60,"column":6},"end":{"line":60,"column":36}},"9":{"start":{"line":62,"column":6},"end":{"line":62,"column":37}},"10":{"start":{"line":64,"column":4},"end":{"line":64,"column":56}},"11":{"start":{"line":26,"column":4},"end":{"line":26,"column":85}},"12":{"start":{"line":27,"column":4},"end":{"line":27,"column":28}},"13":{"start":{"line":28,"column":4},"end":{"line":28,"column":51}},"14":{"start":{"line":29,"column":4},"end":{"line":29,"column":35}},"15":{"start":{"line":32,"column":2},"end":{"line":32,"column":null}},"16":{"start":{"line":32,"column":16},"end":{"line":32,"column":35}},"17":{"start":{"line":33,"column":2},"end":{"line":33,"column":null}},"18":{"start":{"line":33,"column":18},"end":{"line":33,"column":39}},"19":{"start":{"line":34,"column":2},"end":{"line":34,"column":null}},"20":{"start":{"line":34,"column":21},"end":{"line":34,"column":45}},"21":{"start":{"line":35,"column":2},"end":{"line":35,"column":null}},"22":{"start":{"line":35,"column":23},"end":{"line":35,"column":49}},"23":{"start":{"line":37,"column":10},"end":{"line":54,"column":null}},"24":{"start":{"line":39,"column":43},"end":{"line":39,"column":52}},"25":{"start":{"line":43,"column":4},"end":{"line":52,"column":null}},"26":{"start":{"line":43,"column":19},"end":{"line":43,"column":20}},"27":{"start":{"line":44,"column":6},"end":{"line":51,"column":null}},"28":{"start":{"line":44,"column":21},"end":{"line":44,"column":22}},"29":{"start":{"line":45,"column":8},"end":{"line":45,"column":49}},"30":{"start":{"line":46,"column":8},"end":{"line":50,"column":null}},"31":{"start":{"line":47,"column":10},"end":{"line":47,"column":41}},"32":{"start":{"line":48,"column":10},"end":{"line":48,"column":86}},"33":{"start":{"line":49,"column":10},"end":{"line":49,"column":50}},"34":{"start":{"line":53,"column":4},"end":{"line":53,"column":22}},"35":{"start":{"line":66,"column":0},"end":{"line":66,"column":null}},"36":{"start":{"line":19,"column":13},"end":{"line":19,"column":17}},"37":{"start":{"line":67,"column":0},"end":{"line":67,"column":20}}},"fnMap":{"0":{"name":"(anonymous_0)","decl":{"start":{"line":19,"column":0},"end":{"line":19,"column":13}},"loc":{"start":{"line":19,"column":0},"end":{"line":66,"column":null}}},"1":{"name":"Game","decl":{"start":{"line":25,"column":2},"end":{"line":25,"column":14}},"loc":{"start":{"line":25,"column":132},"end":{"line":30,"column":3}}},"2":{"name":"(anonymous_2)","decl":{"start":{"line":56,"column":25},"end":{"line":56,"column":26}},"loc":{"start":{"line":56,"column":81},"end":{"line":65,"column":3}}},"3":{"name":"(anonymous_3)","decl":{"start":{"line":32,"column":2},"end":{"line":32,"column":6}},"loc":{"start":{"line":32,"column":2},"end":{"line":32,"column":37}}},"4":{"name":"(anonymous_4)","decl":{"start":{"line":33,"column":2},"end":{"line":33,"column":6}},"loc":{"start":{"line":33,"column":2},"end":{"line":33,"column":41}}},"5":{"name":"(anonymous_5)","decl":{"start":{"line":34,"column":2},"end":{"line":34,"column":6}},"loc":{"start":{"line":34,"column":2},"end":{"line":34,"column":47}}},"6":{"name":"(anonymous_6)","decl":{"start":{"line":35,"column":2},"end":{"line":35,"column":6}},"loc":{"start":{"line":35,"column":2},"end":{"line":35,"column":51}}},"7":{"name":"(anonymous_7)","decl":{"start":{"line":37,"column":2},"end":{"line":37,"column":10}},"loc":{"start":{"line":37,"column":2},"end":{"line":54,"column":3}}}},"branchMap":{"0":{"loc":{"start":{"line":25,"column":14},"end":{"line":25,"column":61}},"type":"if","locations":[{"start":{"line":25,"column":14},"end":{"line":25,"column":61}},{"start":{"line":25,"column":14},"end":{"line":25,"column":61}}]},"1":{"loc":{"start":{"line":25,"column":80},"end":{"line":25,"column":null}},"type":"if","locations":[{"start":{"line":25,"column":80},"end":{"line":25,"column":null}},{"start":{"line":25,"column":80},"end":{"line":25,"column":null}}]},"2":{"loc":{"start":{"line":59,"column":4},"end":{"line":63,"column":null}},"type":"if","locations":[{"start":{"line":59,"column":4},"end":{"line":63,"column":null}},{"start":{"line":59,"column":4},"end":{"line":63,"column":null}}]},"3":{"loc":{"start":{"line":46,"column":8},"end":{"line":50,"column":null}},"type":"if","locations":[{"start":{"line":46,"column":8},"end":{"line":50,"column":null}},{"start":{"line":46,"column":8},"end":{"line":50,"column":null}}]}},"s":{"0":2,"1":2,"2":2,"3":2,"4":9,"5":18,"6":9,"7":288,"8":108,"9":180,"10":288,"11":9,"12":9,"13":9,"14":9,"15":2,"16":1318,"17":2,"18":0,"19":2,"20":0,"21":2,"22":0,"23":2,"24":9,"25":9,"26":9,"27":72,"28":72,"29":576,"30":576,"31":288,"32":288,"33":288,"34":9,"35":2,"36":2,"37":2},"f":{"0":2,"1":9,"2":288,"3":1318,"4":0,"5":0,"6":0,"7":9},"b":{"0":[0,9],"1":[9,0],"2":[108,180],"3":[288,288]}}
}
