TN:
SF:src/app/config/defaultOptions.ts
FNF:0
FNH:0
DA:3,1
DA:4,1
DA:5,1
DA:6,1
LF:4
LH:4
BRF:0
BRH:0
end_of_record
TN:
SF:src/app/controllers/GameController.ts
FN:12,(anonymous_0)
FN:15,GameController
FN:19,(anonymous_2)
FN:39,(anonymous_3)
FN:47,(anonymous_4)
FN:56,(anonymous_5)
FN:60,(anonymous_6)
FN:73,(anonymous_7)
FNF:8
FNH:0
FNDA:0,(anonymous_0)
FNDA:0,GameController
FNDA:0,(anonymous_2)
FNDA:0,(anonymous_3)
FNDA:0,(anonymous_4)
FNDA:0,(anonymous_5)
FNDA:0,(anonymous_6)
FNDA:0,(anonymous_7)
DA:1,0
DA:3,0
DA:6,0
DA:12,0
DA:16,0
DA:19,0
DA:20,0
DA:21,0
DA:22,0
DA:25,0
DA:28,0
DA:29,0
DA:31,0
DA:32,0
DA:35,0
DA:39,0
DA:40,0
DA:41,0
DA:43,0
DA:47,0
DA:48,0
DA:49,0
DA:51,0
DA:56,0
DA:57,0
DA:60,0
DA:61,0
DA:64,0
DA:65,0
DA:66,0
DA:68,0
DA:73,0
DA:76,0
LF:33
LH:0
BRDA:21,0,0,0
BRDA:21,0,1,0
BRDA:28,1,0,0
BRDA:28,1,1,0
BRDA:31,2,0,0
BRDA:31,2,1,0
BRDA:48,3,0,0
BRDA:48,3,1,0
BRDA:49,4,0,0
BRDA:49,4,1,0
BRDA:51,5,0,0
BRDA:51,5,1,0
BRDA:65,6,0,0
BRDA:65,6,1,0
BRF:14
BRH:0
end_of_record
TN:
SF:src/app/enums/Error.ts
FN:1,(anonymous_0)
FN:7,(anonymous_1)
FNF:2
FNH:2
FNDA:1,(anonymous_0)
FNDA:1,(anonymous_1)
DA:1,1
DA:2,1
DA:3,1
DA:4,1
DA:7,1
DA:8,1
LF:6
LH:6
BRDA:1,0,0,1
BRDA:1,0,1,1
BRDA:7,1,0,1
BRDA:7,1,1,1
BRF:4
BRH:4
end_of_record
TN:
SF:src/app/enums/Status.ts
FN:1,(anonymous_0)
FNF:1
FNH:1
FNDA:1,(anonymous_0)
DA:1,1
DA:2,1
DA:3,1
LF:3
LH:3
BRDA:1,0,0,1
BRDA:1,0,1,1
BRF:2
BRH:2
end_of_record
TN:
SF:src/app/helpers/initializationHelper.ts
FN:3,(anonymous_0)
FNF:1
FNH:1
FNDA:2,(anonymous_0)
DA:3,1
DA:5,2
LF:2
LH:2
BRF:0
BRH:0
end_of_record
TN:
SF:src/app/models/Board.ts
FN:21,(anonymous_0)
FN:24,Board
FN:28,(anonymous_2)
FN:30,(anonymous_3)
FN:37,(anonymous_4)
FN:45,(anonymous_5)
FN:74,(anonymous_6)
FN:90,(anonymous_7)
FNF:8
FNH:8
FNDA:1,(anonymous_0)
FNDA:2,Board
FNDA:1,(anonymous_2)
FNDA:2,(anonymous_3)
FNDA:2,(anonymous_4)
FNDA:2,(anonymous_5)
FNDA:16,(anonymous_6)
FNDA:128,(anonymous_7)
DA:1,1
DA:2,1
DA:3,1
DA:4,1
DA:21,1
DA:22,2
DA:24,4
DA:25,2
DA:28,1
DA:30,1
DA:31,2
DA:32,1
DA:34,1
DA:37,1
DA:38,2
DA:39,1
DA:41,1
DA:42,1
DA:45,2
DA:46,2
DA:47,2
DA:48,2
DA:49,2
DA:50,2
DA:51,2
DA:55,2
DA:56,16
DA:57,16
DA:58,16
DA:59,12
DA:61,16
DA:62,2
DA:63,2
DA:65,16
DA:66,4
DA:68,12
DA:71,2
DA:74,1
DA:75,16
DA:76,16
DA:78,16
DA:79,128
DA:80,48
DA:81,48
DA:83,80
DA:85,128
DA:88,16
DA:90,1
DA:91,128
DA:94,1
LF:50
LH:50
BRDA:24,0,0,0
BRDA:24,0,1,2
BRDA:24,1,0,2
BRDA:24,1,1,0
BRDA:24,2,0,2
BRDA:24,2,1,0
BRDA:31,3,0,1
BRDA:31,3,1,1
BRDA:38,4,0,1
BRDA:38,4,1,1
BRDA:45,5,0,0
BRDA:45,5,1,2
BRDA:45,6,0,0
BRDA:45,6,1,2
BRDA:45,7,0,0
BRDA:45,7,1,2
BRDA:58,8,0,12
BRDA:58,8,1,4
BRDA:61,9,0,2
BRDA:61,9,1,14
BRDA:61,10,0,16
BRDA:61,10,1,6
BRDA:65,11,0,4
BRDA:65,11,1,12
BRDA:65,12,0,16
BRDA:65,12,1,6
BRDA:76,13,0,12
BRDA:76,13,1,4
BRDA:79,14,0,48
BRDA:79,14,1,80
BRDA:79,15,0,128
BRDA:79,15,1,64
BRDA:79,15,2,96
BRDA:79,15,3,64
BRDA:79,15,4,64
BRF:35
BRH:29
end_of_record
TN:
SF:src/app/models/Game.ts
FN:27,(anonymous_0)
FN:33,Game
FN:62,(anonymous_2)
FN:40,(anonymous_3)
FN:42,(anonymous_4)
FNF:5
FNH:0
FNDA:0,(anonymous_0)
FNDA:0,Game
FNDA:0,(anonymous_2)
FNDA:0,(anonymous_3)
FNDA:0,(anonymous_4)
DA:2,0
DA:3,0
DA:5,0
DA:27,0
DA:33,0
DA:34,0
DA:35,0
DA:36,0
DA:37,0
DA:40,0
DA:42,0
DA:44,0
DA:47,0
DA:48,0
DA:49,0
DA:50,0
DA:51,0
DA:52,0
DA:53,0
DA:54,0
DA:55,0
DA:59,0
DA:62,0
DA:65,0
DA:66,0
DA:68,0
DA:70,0
DA:72,0
DA:73,0
LF:29
LH:0
BRDA:33,0,0,0
BRDA:33,0,1,0
BRDA:33,1,0,0
BRDA:33,1,1,0
BRDA:65,2,0,0
BRDA:65,2,1,0
BRDA:50,3,0,0
BRDA:50,3,1,0
BRF:8
BRH:0
end_of_record
