TN:
SF:src/app/config/defaultOptions.ts
FNF:0
FNH:0
DA:3,4
DA:4,4
DA:5,4
DA:6,4
LF:4
LH:4
BRF:0
BRH:0
end_of_record
TN:
SF:src/app/controllers/GameController.ts
FN:16,(anonymous_0)
FN:19,GameController
FN:25,(anonymous_2)
FN:42,(anonymous_3)
FN:51,(anonymous_4)
FN:60,(anonymous_5)
FN:64,(anonymous_6)
FN:77,(anonymous_7)
FNF:8
FNH:7
FNDA:1,(anonymous_0)
FNDA:5,GameController
FNDA:5,(anonymous_2)
FNDA:5,(anonymous_3)
FNDA:4,(anonymous_4)
FNDA:2,(anonymous_5)
FNDA:2,(anonymous_6)
FNDA:0,(anonymous_7)
DA:5,1
DA:6,1
DA:7,1
DA:16,1
DA:20,5
DA:25,1
DA:27,5
DA:29,5
DA:30,1
DA:32,4
DA:33,2
DA:35,2
DA:36,0
DA:39,2
DA:42,1
DA:44,5
DA:45,5
DA:46,4
DA:48,1
DA:51,1
DA:52,4
DA:53,2
DA:55,2
DA:60,1
DA:61,2
DA:64,1
DA:65,2
DA:68,2
DA:69,2
DA:70,2
DA:72,2
DA:77,1
DA:80,1
LF:33
LH:32
BRDA:29,0,0,1
BRDA:29,0,1,4
BRDA:32,1,0,2
BRDA:32,1,1,2
BRDA:35,2,0,0
BRDA:35,2,1,2
BRDA:45,3,0,4
BRDA:45,3,1,1
BRDA:46,4,0,0
BRDA:46,4,1,4
BRDA:52,5,0,2
BRDA:52,5,1,2
BRDA:53,6,0,1
BRDA:53,6,1,1
BRDA:55,7,0,1
BRDA:55,7,1,1
BRDA:69,8,0,2
BRDA:69,8,1,0
BRF:18
BRH:15
end_of_record
TN:
SF:src/app/enums/Direction.ts
FN:1,(anonymous_0)
FNF:1
FNH:1
FNDA:2,(anonymous_0)
DA:1,2
DA:2,2
DA:3,2
LF:3
LH:3
BRDA:1,0,0,2
BRDA:1,0,1,2
BRF:2
BRH:2
end_of_record
TN:
SF:src/app/enums/Error.ts
FN:1,(anonymous_0)
FN:7,(anonymous_1)
FNF:2
FNH:2
FNDA:2,(anonymous_0)
FNDA:2,(anonymous_1)
DA:1,2
DA:2,2
DA:3,2
DA:4,2
DA:7,2
DA:8,2
LF:6
LH:6
BRDA:1,0,0,2
BRDA:1,0,1,2
BRDA:7,1,0,2
BRDA:7,1,1,2
BRF:4
BRH:4
end_of_record
TN:
SF:src/app/enums/Move.ts
FN:1,(anonymous_0)
FNF:1
FNH:0
FNDA:0,(anonymous_0)
DA:1,0
DA:2,0
DA:3,0
DA:4,0
LF:4
LH:0
BRDA:1,0,0,0
BRDA:1,0,1,0
BRF:2
BRH:0
end_of_record
TN:
SF:src/app/enums/Status.ts
FN:1,(anonymous_0)
FNF:1
FNH:1
FNDA:3,(anonymous_0)
DA:1,3
DA:2,3
DA:3,3
LF:3
LH:3
BRDA:1,0,0,3
BRDA:1,0,1,3
BRF:2
BRH:2
end_of_record
TN:
SF:src/app/helpers/initializationHelper.ts
FN:4,(anonymous_0)
FNF:1
FNH:1
FNDA:11,(anonymous_0)
DA:4,4
DA:5,11
DA:6,11
DA:7,11
LF:4
LH:4
BRF:0
BRH:0
end_of_record
TN:
SF:src/app/models/Board.ts
FN:21,(anonymous_0)
FN:24,Board
FN:28,(anonymous_2)
FN:30,(anonymous_3)
FN:40,(anonymous_4)
FN:48,(anonymous_5)
FN:77,(anonymous_6)
FN:96,(anonymous_7)
FNF:8
FNH:8
FNDA:3,(anonymous_0)
FNDA:10,Board
FNDA:570,(anonymous_2)
FNDA:471,(anonymous_3)
FNDA:6,(anonymous_4)
FNDA:10,(anonymous_5)
FNDA:80,(anonymous_6)
FNDA:240,(anonymous_7)
DA:1,3
DA:3,3
DA:4,3
DA:21,3
DA:22,10
DA:24,13
DA:25,10
DA:28,570
DA:30,3
DA:37,471
DA:40,3
DA:41,6
DA:42,1
DA:44,5
DA:45,5
DA:48,10
DA:49,10
DA:50,10
DA:51,10
DA:52,10
DA:53,10
DA:54,10
DA:58,10
DA:59,80
DA:60,80
DA:61,80
DA:62,60
DA:64,80
DA:65,10
DA:66,10
DA:68,80
DA:69,20
DA:71,60
DA:74,10
DA:77,3
DA:78,80
DA:79,80
DA:81,80
DA:82,640
DA:83,320
DA:84,320
DA:85,320
DA:86,240
DA:89,320
DA:94,80
DA:96,3
DA:97,240
DA:100,3
LF:48
LH:48
BRDA:24,0,0,1
BRDA:24,0,1,9
BRDA:24,1,0,3
BRDA:24,1,1,7
BRDA:24,2,0,3
BRDA:24,2,1,7
BRDA:41,3,0,1
BRDA:41,3,1,5
BRDA:48,4,0,0
BRDA:48,4,1,10
BRDA:48,5,0,0
BRDA:48,5,1,10
BRDA:48,6,0,0
BRDA:48,6,1,10
BRDA:61,7,0,60
BRDA:61,7,1,20
BRDA:64,8,0,10
BRDA:64,8,1,70
BRDA:64,9,0,80
BRDA:64,9,1,30
BRDA:68,10,0,20
BRDA:68,10,1,60
BRDA:68,11,0,80
BRDA:68,11,1,30
BRDA:79,12,0,60
BRDA:79,12,1,20
BRDA:82,13,0,320
BRDA:82,13,1,320
BRDA:82,14,0,640
BRDA:82,14,1,320
BRDA:82,14,2,480
BRDA:82,14,3,320
BRDA:85,15,0,240
BRDA:85,15,1,80
BRF:34
BRH:31
end_of_record
TN:
SF:src/app/models/Game.ts
FN:19,(anonymous_0)
FN:25,Game
FN:56,(anonymous_2)
FN:32,(anonymous_3)
FN:33,(anonymous_4)
FN:34,(anonymous_5)
FN:35,(anonymous_6)
FN:37,(anonymous_7)
FNF:8
FNH:5
FNDA:2,(anonymous_0)
FNDA:7,Game
FNDA:224,(anonymous_2)
FNDA:1026,(anonymous_3)
FNDA:0,(anonymous_4)
FNDA:0,(anonymous_5)
FNDA:0,(anonymous_6)
FNDA:7,(anonymous_7)
DA:2,2
DA:3,2
DA:4,2
DA:19,2
DA:25,14
DA:26,7
DA:27,7
DA:28,7
DA:29,7
DA:32,1026
DA:33,2
DA:34,2
DA:35,2
DA:37,2
DA:39,7
DA:43,7
DA:44,56
DA:45,448
DA:46,448
DA:47,224
DA:48,224
DA:49,224
DA:53,7
DA:56,7
DA:59,224
DA:60,84
DA:62,140
DA:64,224
DA:66,2
DA:67,2
LF:30
LH:30
BRDA:25,0,0,0
BRDA:25,0,1,7
BRDA:25,1,0,7
BRDA:25,1,1,0
BRDA:59,2,0,84
BRDA:59,2,1,140
BRDA:46,3,0,224
BRDA:46,3,1,224
BRF:8
BRH:6
end_of_record
